DEBUG:asyncio:Using proactor: IocpProactor
WARNING:discord.client:PyNaCl is not installed, voice will NOT be supported
INFO:discord.client:logging in using static token
DEBUG:discord.http:GET https://discord.com/api/v7/users/@me with None has returned 200
DEBUG:discord.http:GET https://discord.com/api/v7/users/@me has received {'id': '958687404322086952', 'username': 'bot_tp_ing', 'avatar': None, 'avatar_decoration': None, 'discriminator': '2166', 'public_flags': 0, 'flags': 0, 'bot': True, 'banner': None, 'banner_color': None, 'accent_color': None, 'bio': '', 'pronouns': '', 'locale': 'en-US', 'mfa_enabled': False, 'email': None, 'verified': True}
DEBUG:discord.http:GET https://discord.com/api/v7/gateway with None has returned 200
DEBUG:discord.http:GET https://discord.com/api/v7/gateway has received {'url': 'wss://gateway.discord.gg'}
DEBUG:discord.gateway:Created websocket connected to wss://gateway.discord.gg?encoding=json&v=6&compress=zlib-stream
DEBUG:discord.client:Dispatching event socket_raw_receive
DEBUG:discord.gateway:For Shard ID None: WebSocket Event: {'t': None, 's': None, 'op': 10, 'd': {'heartbeat_interval': 41250, '_trace': ['["gateway-prd-main-72rv",{"micros":0.0}]']}}
DEBUG:discord.client:Dispatching event socket_response
DEBUG:discord.client:Dispatching event socket_raw_send
DEBUG:discord.client:Dispatching event socket_raw_send
INFO:discord.gateway:Shard ID None has sent the IDENTIFY payload.
DEBUG:discord.client:Dispatching event socket_raw_receive
DEBUG:discord.gateway:For Shard ID None: WebSocket Event: {'t': None, 's': None, 'op': 11, 'd': None}
DEBUG:discord.client:Dispatching event socket_response
DEBUG:discord.client:Dispatching event socket_raw_receive
DEBUG:discord.gateway:For Shard ID None: WebSocket Event: {'t': 'READY', 's': 1, 'op': 0, 'd': {'v': 6, 'user_settings': {}, 'user': {'verified': True, 'username': 'bot_tp_ing', 'mfa_enabled': False, 'id': '958687404322086952', 'flags': 0, 'email': None, 'discriminator': '2166', 'bot': True, 'avatar': None}, 'session_id': 'd47fd55cbfc22dae1914d05a8c47c918', 'relationships': [], 'private_channels': [], 'presences': [], 'guilds': [{'unavailable': True, 'id': '958688288930148372'}], 'guild_join_requests': [], 'geo_ordered_rtc_regions': ['rotterdam', 'milan', 'madrid', 'stockholm', 'bucharest'], 'application': {'id': '958687404322086952', 'flags': 303104}, '_trace': ['["gateway-prd-main-72rv",{"micros":134065,"calls":["discord-sessions-blue-prd-2-43",{"micros":132754,"calls":["start_session",{"micros":108204,"calls":["discord-api-59dffdb7f6-zcvfj",{"micros":97738,"calls":["get_user",{"micros":23850},"add_authorized_ip",{"micros":3098},"get_guilds",{"micros":14714},"coros_wait",{"micros":2}]}]},"guilds_connect",{"micros":2,"calls":[]},"presence_connect",{"micros":15762,"calls":[]}]}]}]']}}
DEBUG:discord.client:Dispatching event socket_response
INFO:discord.gateway:Shard ID None has connected to Gateway: ["gateway-prd-main-72rv",{"micros":134065,"calls":["discord-sessions-blue-prd-2-43",{"micros":132754,"calls":["start_session",{"micros":108204,"calls":["discord-api-59dffdb7f6-zcvfj",{"micros":97738,"calls":["get_user",{"micros":23850},"add_authorized_ip",{"micros":3098},"get_guilds",{"micros":14714},"coros_wait",{"micros":2}]}]},"guilds_connect",{"micros":2,"calls":[]},"presence_connect",{"micros":15762,"calls":[]}]}]}] (Session ID: d47fd55cbfc22dae1914d05a8c47c918).
DEBUG:discord.client:Dispatching event connect
DEBUG:discord.client:Dispatching event socket_raw_receive
DEBUG:discord.gateway:For Shard ID None: WebSocket Event: {'t': 'GUILD_CREATE', 's': 2, 'op': 0, 'd': {'hub_type': None, 'rules_channel_id': None, 'name': 'Serveur TP4 Test', 'default_message_notifications': 0, 'system_channel_id': '958688288930148375', 'stage_instances': [], 'afk_channel_id': None, 'afk_timeout': 300, 'max_video_channel_users': 25, 'roles': [{'unicode_emoji': None, 'tags': {}, 'position': 0, 'permissions_new': '1071698660929', 'permissions': 104320577, 'name': '@everyone', 'mentionable': False, 'managed': False, 'id': '958688288930148372', 'icon': None, 'hoist': False, 'color': 0}, {'unicode_emoji': None, 'tags': {'bot_id': '958687404322086952'}, 'position': 1, 'permissions_new': '8', 'permissions': 8, 'name': 'bot_tp_ing', 'mentionable': False, 'managed': True, 'id': '958689301632282668', 'icon': None, 'hoist': False, 'color': 0}], 'member_count': 3, 'public_updates_channel_id': None, 'presences': [{'user': {'id': '314788947500990475'}, 'status': 'dnd', 'game': None, 'client_status': {'desktop': 'dnd'}, 'activities': []}, {'user': {'id': '395200753230413825'}, 'status': 'dnd', 'game': {'type': 4, 'session_id': None, 'name': 'Custom Status', 'id': 'custom', 'emoji': {'name': 'DJCZ', 'id': '917510911860809728', 'animated': True}, 'created_at': 1650708213508}, 'client_status': {'desktop': 'dnd'}, 'activities': [{'type': 4, 'name': 'Custom Status', 'id': 'custom', 'emoji': {'name': 'DJCZ', 'id': '917510911860809728', 'animated': True}, 'created_at': 1650708213508}]}, {'user': {'id': '958687404322086952'}, 'status': 'online', 'game': None, 'client_status': {'web': 'online'}, 'activities': []}], 'nsfw': False, 'premium_subscription_count': 0, 'lazy': True, 'emojis': [], 'splash': None, 'premium_tier': 0, 'channels': [{'type': 4, 'position': 0, 'permission_overwrites': [], 'name': 'Text Channels', 'id': '958688288930148373', 'flags': 0}, {'type': 4, 'position': 0, 'permission_overwrites': [], 'name': 'Voice Channels', 'id': '958688288930148374', 'flags': 0}, {'type': 0, 'topic': None, 'rate_limit_per_user': 0, 'position': 0, 'permission_overwrites': [], 'parent_id': '958688288930148373', 'name': 'general', 'last_message_id': '967501653118963754', 'id': '958688288930148375', 'flags': 0}, {'user_limit': 0, 'type': 2, 'rtc_region': None, 'rate_limit_per_user': 0, 'position': 0, 'permission_overwrites': [], 'parent_id': '958688288930148374', 'name': 'General', 'last_message_id': None, 'id': '958688288930148376', 'flags': 0, 'bitrate': 64000}], 'unavailable': False, 'region': 'deprecated', 'joined_at': '2022-03-30T11:29:01.142000+00:00', 'system_channel_flags': 0, 'max_members': 500000, 'description': None, 'features': [], 'premium_progress_bar_enabled': False, 'threads': [], 'preferred_locale': 'en-US', 'stickers': [], 'mfa_level': 0, 'application_command_counts': {'3': 0, '2': 0, '1': 0}, 'guild_hashes': {'version': 1, 'roles': {'omitted': False, 'hash': 'gB4SvYmDPfo'}, 'metadata': {'omitted': False, 'hash': 'tijunl62U5c'}, 'channels': {'omitted': False, 'hash': 'u5ligZP9Ic8'}}, 'verification_level': 0, 'large': False, 'application_id': None, 'id': '958688288930148372', 'banner': None, 'members': [{'user': {'username': 'william66', 'id': '314788947500990475', 'discriminator': '9330', 'avatar': '5a7a16781ce7d58b090b38b6dd87e72a'}, 'roles': [], 'mute': False, 'joined_at': '2022-03-30T11:24:59.653000+00:00', 'hoisted_role': None, 'flags': 0, 'deaf': False}, {'user': {'username': 'Clément', 'id': '395200753230413825', 'discriminator': '8503', 'avatar': '82791c2895d36b9a54556e8f0a2cfb5a'}, 'roles': [], 'mute': False, 'joined_at': '2022-04-18T22:02:06.947000+00:00', 'hoisted_role': None, 'flags': 1, 'deaf': False}, {'user': {'username': 'bot_tp_ing', 'id': '958687404322086952', 'discriminator': '2166', 'bot': True, 'avatar': None}, 'roles': ['958689301632282668'], 'mute': False, 'joined_at': '2022-03-30T11:29:01.142000+00:00', 'hoisted_role': None, 'flags': 0, 'deaf': False}], 'voice_states': [], 'embedded_activities': [], 'owner_id': '314788947500990475', 'discovery_splash': None, 'vanity_url_code': None, 'explicit_content_filter': 0, 'nsfw_level': 0, 'icon': None, 'guild_scheduled_events': []}}
DEBUG:discord.client:Dispatching event socket_response
DEBUG:discord.client:Dispatching event guild_available
DEBUG:discord.client:Dispatching event ready
DEBUG:discord.client:Dispatching event socket_raw_receive
DEBUG:discord.gateway:For Shard ID None: WebSocket Event: {'t': 'TYPING_START', 's': 3, 'op': 0, 'd': {'user_id': '314788947500990475', 'timestamp': 1650740850, 'member': {'user': {'username': 'william66', 'id': '314788947500990475', 'discriminator': '9330', 'avatar': '5a7a16781ce7d58b090b38b6dd87e72a'}, 'roles': [], 'mute': False, 'joined_at': '2022-03-30T11:24:59.653000+00:00', 'hoisted_role': None, 'flags': 0, 'deaf': False}, 'channel_id': '958688288930148375', 'guild_id': '958688288930148372'}}
DEBUG:discord.client:Dispatching event socket_response
DEBUG:discord.client:Dispatching event typing
DEBUG:discord.client:Dispatching event socket_raw_receive
DEBUG:discord.gateway:For Shard ID None: WebSocket Event: {'t': 'MESSAGE_CREATE', 's': 4, 'op': 0, 'd': {'type': 0, 'tts': False, 'timestamp': '2022-04-23T19:07:31.599000+00:00', 'referenced_message': None, 'pinned': False, 'nonce': '967501997068517376', 'mentions': [], 'mention_roles': [], 'mention_everyone': False, 'member': {'roles': [], 'mute': False, 'joined_at': '2022-03-30T11:24:59.653000+00:00', 'hoisted_role': None, 'flags': 0, 'deaf': False}, 'id': '967501997823655966', 'flags': 0, 'embeds': [], 'edited_timestamp': None, 'content': '!help', 'components': [], 'channel_id': '958688288930148375', 'author': {'username': 'william66', 'public_flags': 0, 'id': '314788947500990475', 'discriminator': '9330', 'avatar_decoration': None, 'avatar': '5a7a16781ce7d58b090b38b6dd87e72a'}, 'attachments': [], 'guild_id': '958688288930148372'}}
DEBUG:discord.client:Dispatching event socket_response
DEBUG:discord.client:Dispatching event message
DEBUG:discord.client:Dispatching event socket_raw_receive
DEBUG:discord.gateway:For Shard ID None: WebSocket Event: {'t': 'MESSAGE_CREATE', 's': 5, 'op': 0, 'd': {'type': 0, 'tts': False, 'timestamp': '2022-04-23T19:07:31.831000+00:00', 'referenced_message': None, 'pinned': False, 'mentions': [], 'mention_roles': [], 'mention_everyone': False, 'member': {'roles': ['958689301632282668'], 'mute': False, 'joined_at': '2022-03-30T11:29:01.142000+00:00', 'hoisted_role': None, 'flags': 0, 'deaf': False}, 'id': '967501998796701696', 'flags': 0, 'embeds': [{'type': 'rich', 'title': 'Commandes du bot', 'fields': [{'value': 'Hey, comment ça va ?', 'name': 'salut', 'inline': False}, {'value': 'A la prochaine !', 'name': 'bye', 'inline': False}, {'value': 'Un link vers une chanson sympathique', 'name': 'musique', 'inline': False}, {'value': 'Un link vers une tier list de très bons films', 'name': 'film', 'inline': False}, {'value': 'Un excellent restaurant japonais', 'name': 'restau', 'inline': False}]}], 'edited_timestamp': None, 'content': '', 'components': [], 'channel_id': '958688288930148375', 'author': {'username': 'bot_tp_ing', 'public_flags': 0, 'id': '958687404322086952', 'discriminator': '2166', 'bot': True, 'avatar_decoration': None, 'avatar': None}, 'attachments': [], 'guild_id': '958688288930148372'}}
DEBUG:discord.client:Dispatching event socket_response
DEBUG:discord.client:Dispatching event message
DEBUG:discord.http:POST https://discord.com/api/v7/channels/958688288930148375/messages with {"embed":{"fields":[{"inline":false,"name":"salut","value":"Hey, comment \u00e7a va ?"},{"inline":false,"name":"bye","value":"A la prochaine !"},{"inline":false,"name":"musique","value":"Un link vers une chanson sympathique"},{"inline":false,"name":"film","value":"Un link vers une tier list de tr\u00e8s bons films"},{"inline":false,"name":"restau","value":"Un excellent restaurant japonais"}],"type":"rich","title":"Commandes du bot"}} has returned 200
DEBUG:discord.http:POST https://discord.com/api/v7/channels/958688288930148375/messages has received {'id': '967501998796701696', 'type': 0, 'content': '', 'channel_id': '958688288930148375', 'author': {'id': '958687404322086952', 'username': 'bot_tp_ing', 'avatar': None, 'avatar_decoration': None, 'discriminator': '2166', 'public_flags': 0, 'bot': True}, 'attachments': [], 'embeds': [{'type': 'rich', 'title': 'Commandes du bot', 'fields': [{'name': 'salut', 'value': 'Hey, comment ça va ?', 'inline': False}, {'name': 'bye', 'value': 'A la prochaine !', 'inline': False}, {'name': 'musique', 'value': 'Un link vers une chanson sympathique', 'inline': False}, {'name': 'film', 'value': 'Un link vers une tier list de très bons films', 'inline': False}, {'name': 'restau', 'value': 'Un excellent restaurant japonais', 'inline': False}]}], 'mentions': [], 'mention_roles': [], 'pinned': False, 'mention_everyone': False, 'tts': False, 'timestamp': '2022-04-23T19:07:31.831000+00:00', 'edited_timestamp': None, 'flags': 0, 'components': [], 'referenced_message': None}
DEBUG:discord.client:Dispatching event socket_raw_receive
DEBUG:discord.gateway:For Shard ID None: WebSocket Event: {'t': 'TYPING_START', 's': 6, 'op': 0, 'd': {'user_id': '314788947500990475', 'timestamp': 1650740855, 'member': {'user': {'username': 'william66', 'id': '314788947500990475', 'discriminator': '9330', 'avatar': '5a7a16781ce7d58b090b38b6dd87e72a'}, 'roles': [], 'mute': False, 'joined_at': '2022-03-30T11:24:59.653000+00:00', 'hoisted_role': None, 'flags': 0, 'deaf': False}, 'channel_id': '958688288930148375', 'guild_id': '958688288930148372'}}
DEBUG:discord.client:Dispatching event socket_response
DEBUG:discord.client:Dispatching event typing
DEBUG:discord.client:Dispatching event socket_raw_receive
DEBUG:discord.gateway:For Shard ID None: WebSocket Event: {'t': 'MESSAGE_CREATE', 's': 7, 'op': 0, 'd': {'type': 0, 'tts': False, 'timestamp': '2022-04-23T19:07:35.847000+00:00', 'referenced_message': None, 'pinned': False, 'nonce': '967502015112413184', 'mentions': [], 'mention_roles': [], 'mention_everyone': False, 'member': {'roles': [], 'mute': False, 'joined_at': '2022-03-30T11:24:59.653000+00:00', 'hoisted_role': None, 'flags': 0, 'deaf': False}, 'id': '967502015641059359', 'flags': 0, 'embeds': [], 'edited_timestamp': None, 'content': 'salut', 'components': [], 'channel_id': '958688288930148375', 'author': {'username': 'william66', 'public_flags': 0, 'id': '314788947500990475', 'discriminator': '9330', 'avatar_decoration': None, 'avatar': '5a7a16781ce7d58b090b38b6dd87e72a'}, 'attachments': [], 'guild_id': '958688288930148372'}}
DEBUG:discord.client:Dispatching event socket_response
DEBUG:discord.client:Dispatching event message
DEBUG:discord.client:Dispatching event socket_raw_receive
DEBUG:discord.gateway:For Shard ID None: WebSocket Event: {'t': 'MESSAGE_CREATE', 's': 8, 'op': 0, 'd': {'type': 0, 'tts': False, 'timestamp': '2022-04-23T19:07:36.049000+00:00', 'referenced_message': None, 'pinned': False, 'mentions': [], 'mention_roles': [], 'mention_everyone': False, 'member': {'roles': ['958689301632282668'], 'mute': False, 'joined_at': '2022-03-30T11:29:01.142000+00:00', 'hoisted_role': None, 'flags': 0, 'deaf': False}, 'id': '967502016488284231', 'flags': 0, 'embeds': [], 'edited_timestamp': None, 'content': 'Hey, comment ça va ?', 'components': [], 'channel_id': '958688288930148375', 'author': {'username': 'bot_tp_ing', 'public_flags': 0, 'id': '958687404322086952', 'discriminator': '2166', 'bot': True, 'avatar_decoration': None, 'avatar': None}, 'attachments': [], 'guild_id': '958688288930148372'}}
DEBUG:discord.client:Dispatching event socket_response
DEBUG:discord.client:Dispatching event message
DEBUG:discord.http:POST https://discord.com/api/v7/channels/958688288930148375/messages with {"content":"Hey, comment \u00e7a va ?"} has returned 200
DEBUG:discord.http:POST https://discord.com/api/v7/channels/958688288930148375/messages has received {'id': '967502016488284231', 'type': 0, 'content': 'Hey, comment ça va ?', 'channel_id': '958688288930148375', 'author': {'id': '958687404322086952', 'username': 'bot_tp_ing', 'avatar': None, 'avatar_decoration': None, 'discriminator': '2166', 'public_flags': 0, 'bot': True}, 'attachments': [], 'embeds': [], 'mentions': [], 'mention_roles': [], 'pinned': False, 'mention_everyone': False, 'tts': False, 'timestamp': '2022-04-23T19:07:36.049000+00:00', 'edited_timestamp': None, 'flags': 0, 'components': [], 'referenced_message': None}
DEBUG:discord.client:Dispatching event socket_raw_receive
DEBUG:discord.gateway:For Shard ID None: WebSocket Event: {'t': 'MESSAGE_CREATE', 's': 9, 'op': 0, 'd': {'type': 0, 'tts': False, 'timestamp': '2022-04-23T19:07:37.315000+00:00', 'referenced_message': None, 'pinned': False, 'nonce': '967502021378703360', 'mentions': [], 'mention_roles': [], 'mention_everyone': False, 'member': {'roles': [], 'mute': False, 'joined_at': '2022-03-30T11:24:59.653000+00:00', 'hoisted_role': None, 'flags': 0, 'deaf': False}, 'id': '967502021798268959', 'flags': 0, 'embeds': [], 'edited_timestamp': None, 'content': 'musique', 'components': [], 'channel_id': '958688288930148375', 'author': {'username': 'william66', 'public_flags': 0, 'id': '314788947500990475', 'discriminator': '9330', 'avatar_decoration': None, 'avatar': '5a7a16781ce7d58b090b38b6dd87e72a'}, 'attachments': [], 'guild_id': '958688288930148372'}}
DEBUG:discord.client:Dispatching event socket_response
DEBUG:discord.client:Dispatching event message
DEBUG:discord.client:Dispatching event socket_raw_receive
DEBUG:discord.gateway:For Shard ID None: WebSocket Event: {'t': 'MESSAGE_CREATE', 's': 10, 'op': 0, 'd': {'type': 0, 'tts': False, 'timestamp': '2022-04-23T19:07:37.500000+00:00', 'referenced_message': None, 'pinned': False, 'mentions': [], 'mention_roles': [], 'mention_everyone': False, 'member': {'roles': ['958689301632282668'], 'mute': False, 'joined_at': '2022-03-30T11:29:01.142000+00:00', 'hoisted_role': None, 'flags': 0, 'deaf': False}, 'id': '967502022574219315', 'flags': 0, 'embeds': [{'video': {'width': 1280, 'url': 'https://www.youtube.com/embed/x8VYWazR5mE', 'height': 720}, 'url': 'https://www.youtube.com/watch?v=x8VYWazR5mE', 'type': 'video', 'title': 'YOASOBI「夜に駆ける」 Official Music Video', 'thumbnail': {'width': 1280, 'url': 'https://i.ytimg.com/vi/x8VYWazR5mE/maxresdefault.jpg', 'proxy_url': 'https://images-ext-1.discordapp.net/external/JuO8p7F2K_CrzR5aLX7EALwg1tC7eyWPAB6eZRUULX0/https/i.ytimg.com/vi/x8VYWazR5mE/maxresdefault.jpg', 'height': 720}, 'provider': {'url': 'https://www.youtube.com', 'name': 'YouTube'}, 'description': 'ダウンロード/ストリーミング配信：https://orcd.co/yoasobi_yorunikakeru\n原作小説「タナトスの誘惑」(星野舞夜 著)：https://monogatary.com/story/33826\n--\n原作小説集「夜に駆ける YOASOBI小説集」(双葉社)発売中\nhttps://www.amazon.co.jp/dp/4575243213/\n--\nオーディオドラマ「夜に駆ける」\nhttps://youtube.com/playlist?list=PLR48NTfP0M0PuSyKOO66p-BMH8OMT5LdV\n--\nTwitter：https://twitter.com/YOASOBI_staff\n\nMusic : Ayase (https://twit...', 'color': 16711680, 'author': {'url': 'https://www.youtube.com/channel/UCvpredjG93ifbCP1Y77JyFA', 'name': 'Ayase / YOASOBI'}}], 'edited_timestamp': None, 'content': 'https://www.youtube.com/watch?v=x8VYWazR5mE', 'components': [], 'channel_id': '958688288930148375', 'author': {'username': 'bot_tp_ing', 'public_flags': 0, 'id': '958687404322086952', 'discriminator': '2166', 'bot': True, 'avatar_decoration': None, 'avatar': None}, 'attachments': [], 'guild_id': '958688288930148372'}}
DEBUG:discord.client:Dispatching event socket_response
DEBUG:discord.client:Dispatching event message
DEBUG:discord.http:POST https://discord.com/api/v7/channels/958688288930148375/messages with {"content":"https://www.youtube.com/watch?v=x8VYWazR5mE"} has returned 200
DEBUG:discord.http:POST https://discord.com/api/v7/channels/958688288930148375/messages has received {'id': '967502022574219315', 'type': 0, 'content': 'https://www.youtube.com/watch?v=x8VYWazR5mE', 'channel_id': '958688288930148375', 'author': {'id': '958687404322086952', 'username': 'bot_tp_ing', 'avatar': None, 'avatar_decoration': None, 'discriminator': '2166', 'public_flags': 0, 'bot': True}, 'attachments': [], 'embeds': [{'type': 'video', 'url': 'https://www.youtube.com/watch?v=x8VYWazR5mE', 'title': 'YOASOBI「夜に駆ける」 Official Music Video', 'description': 'ダウンロード/ストリーミング配信：https://orcd.co/yoasobi_yorunikakeru\n原作小説「タナトスの誘惑」(星野舞夜 著)：https://monogatary.com/story/33826\n--\n原作小説集「夜に駆ける YOASOBI小説集」(双葉社)発売中\nhttps://www.amazon.co.jp/dp/4575243213/\n--\nオーディオドラマ「夜に駆ける」\nhttps://youtube.com/playlist?list=PLR48NTfP0M0PuSyKOO66p-BMH8OMT5LdV\n--\nTwitter：https://twitter.com/YOASOBI_staff\n\nMusic : Ayase (https://twit...', 'color': 16711680, 'author': {'name': 'Ayase / YOASOBI', 'url': 'https://www.youtube.com/channel/UCvpredjG93ifbCP1Y77JyFA'}, 'provider': {'name': 'YouTube', 'url': 'https://www.youtube.com'}, 'thumbnail': {'url': 'https://i.ytimg.com/vi/x8VYWazR5mE/maxresdefault.jpg', 'proxy_url': 'https://images-ext-1.discordapp.net/external/JuO8p7F2K_CrzR5aLX7EALwg1tC7eyWPAB6eZRUULX0/https/i.ytimg.com/vi/x8VYWazR5mE/maxresdefault.jpg', 'width': 1280, 'height': 720}, 'video': {'url': 'https://www.youtube.com/embed/x8VYWazR5mE', 'width': 1280, 'height': 720}}], 'mentions': [], 'mention_roles': [], 'pinned': False, 'mention_everyone': False, 'tts': False, 'timestamp': '2022-04-23T19:07:37.500000+00:00', 'edited_timestamp': None, 'flags': 0, 'components': [], 'referenced_message': None}
DEBUG:discord.client:Dispatching event socket_raw_receive
DEBUG:discord.gateway:For Shard ID None: WebSocket Event: {'t': 'MESSAGE_CREATE', 's': 11, 'op': 0, 'd': {'type': 0, 'tts': False, 'timestamp': '2022-04-23T19:07:41.312000+00:00', 'referenced_message': None, 'pinned': False, 'nonce': '967502038302720000', 'mentions': [], 'mention_roles': [], 'mention_everyone': False, 'member': {'roles': [], 'mute': False, 'joined_at': '2022-03-30T11:24:59.653000+00:00', 'hoisted_role': None, 'flags': 0, 'deaf': False}, 'id': '967502038562918441', 'flags': 0, 'embeds': [], 'edited_timestamp': None, 'content': 'film', 'components': [], 'channel_id': '958688288930148375', 'author': {'username': 'william66', 'public_flags': 0, 'id': '314788947500990475', 'discriminator': '9330', 'avatar_decoration': None, 'avatar': '5a7a16781ce7d58b090b38b6dd87e72a'}, 'attachments': [], 'guild_id': '958688288930148372'}}
DEBUG:discord.client:Dispatching event socket_response
DEBUG:discord.client:Dispatching event message
DEBUG:discord.client:Dispatching event socket_raw_receive
DEBUG:discord.gateway:For Shard ID None: WebSocket Event: {'t': 'MESSAGE_CREATE', 's': 12, 'op': 0, 'd': {'type': 0, 'tts': False, 'timestamp': '2022-04-23T19:07:41.581000+00:00', 'referenced_message': None, 'pinned': False, 'mentions': [], 'mention_roles': [], 'mention_everyone': False, 'member': {'roles': ['958689301632282668'], 'mute': False, 'joined_at': '2022-03-30T11:29:01.142000+00:00', 'hoisted_role': None, 'flags': 0, 'deaf': False}, 'id': '967502039691173958', 'flags': 0, 'embeds': [{'url': 'https://tiermaker.com/list/movies/films-1576197/2132957', 'type': 'article', 'title': 'Film tier', 'thumbnail': {'width': 1140, 'url': 'https://tiermaker.com/images/tier-lists-2021/1576197/films-1576197-1650740066.png', 'proxy_url': 'https://images-ext-1.discordapp.net/external/wT2MjipGlmWKulaISN1Toa-XnGaOFRIXKGWW5m5sidk/https/tiermaker.com/images/tier-lists-2021/1576197/films-1576197-1650740066.png', 'height': 1744}, 'provider': {'name': 'TierMaker'}, 'color': 16777215}], 'edited_timestamp': None, 'content': 'https://tiermaker.com/list/movies/films-1576197/2132957', 'components': [], 'channel_id': '958688288930148375', 'author': {'username': 'bot_tp_ing', 'public_flags': 0, 'id': '958687404322086952', 'discriminator': '2166', 'bot': True, 'avatar_decoration': None, 'avatar': None}, 'attachments': [], 'guild_id': '958688288930148372'}}
DEBUG:discord.client:Dispatching event socket_response
DEBUG:discord.client:Dispatching event message
DEBUG:discord.http:POST https://discord.com/api/v7/channels/958688288930148375/messages with {"content":"https://tiermaker.com/list/movies/films-1576197/2132957"} has returned 200
DEBUG:discord.http:POST https://discord.com/api/v7/channels/958688288930148375/messages has received {'id': '967502039691173958', 'type': 0, 'content': 'https://tiermaker.com/list/movies/films-1576197/2132957', 'channel_id': '958688288930148375', 'author': {'id': '958687404322086952', 'username': 'bot_tp_ing', 'avatar': None, 'avatar_decoration': None, 'discriminator': '2166', 'public_flags': 0, 'bot': True}, 'attachments': [], 'embeds': [{'type': 'article', 'url': 'https://tiermaker.com/list/movies/films-1576197/2132957', 'title': 'Film tier', 'color': 16777215, 'provider': {'name': 'TierMaker'}, 'thumbnail': {'url': 'https://tiermaker.com/images/tier-lists-2021/1576197/films-1576197-1650740066.png', 'proxy_url': 'https://images-ext-1.discordapp.net/external/wT2MjipGlmWKulaISN1Toa-XnGaOFRIXKGWW5m5sidk/https/tiermaker.com/images/tier-lists-2021/1576197/films-1576197-1650740066.png', 'width': 1140, 'height': 1744}}], 'mentions': [], 'mention_roles': [], 'pinned': False, 'mention_everyone': False, 'tts': False, 'timestamp': '2022-04-23T19:07:41.581000+00:00', 'edited_timestamp': None, 'flags': 0, 'components': [], 'referenced_message': None}
DEBUG:discord.client:Dispatching event socket_raw_receive
DEBUG:discord.gateway:For Shard ID None: WebSocket Event: {'t': 'MESSAGE_CREATE', 's': 13, 'op': 0, 'd': {'type': 0, 'tts': False, 'timestamp': '2022-04-23T19:07:42.898000+00:00', 'referenced_message': None, 'pinned': False, 'nonce': '967502044724199424', 'mentions': [], 'mention_roles': [], 'mention_everyone': False, 'member': {'roles': [], 'mute': False, 'joined_at': '2022-03-30T11:24:59.653000+00:00', 'hoisted_role': None, 'flags': 0, 'deaf': False}, 'id': '967502045215088690', 'flags': 0, 'embeds': [], 'edited_timestamp': None, 'content': 'restau', 'components': [], 'channel_id': '958688288930148375', 'author': {'username': 'william66', 'public_flags': 0, 'id': '314788947500990475', 'discriminator': '9330', 'avatar_decoration': None, 'avatar': '5a7a16781ce7d58b090b38b6dd87e72a'}, 'attachments': [], 'guild_id': '958688288930148372'}}
DEBUG:discord.client:Dispatching event socket_response
DEBUG:discord.client:Dispatching event message
DEBUG:discord.client:Dispatching event socket_raw_receive
DEBUG:discord.gateway:For Shard ID None: WebSocket Event: {'t': 'MESSAGE_CREATE', 's': 14, 'op': 0, 'd': {'type': 0, 'tts': False, 'timestamp': '2022-04-23T19:07:43.322000+00:00', 'referenced_message': None, 'pinned': False, 'mentions': [], 'mention_roles': [], 'mention_everyone': False, 'member': {'roles': ['958689301632282668'], 'mute': False, 'joined_at': '2022-03-30T11:29:01.142000+00:00', 'hoisted_role': None, 'flags': 0, 'deaf': False}, 'id': '967502046993477732', 'flags': 0, 'embeds': [{'url': 'https://www.tripadvisor.fr/Restaurant_Review-g187147-d793685-Reviews-Kintaro_Ramen-Paris_Ile_de_France.html', 'type': 'link', 'title': 'KINTARO RAMEN, Paris - Gaillon - Commander en ligne - Menu, Prix & ...', 'thumbnail': {'width': 450, 'url': 'https://media-cdn.tripadvisor.com/media/photo-s/1b/51/05/a1/interieur-kintaro.jpg', 'proxy_url': 'https://images-ext-2.discordapp.net/external/UlKM9lwLsIUGGJPeORbCNKoIMnFfxgUZbwWzJFaLx8I/https/media-cdn.tripadvisor.com/media/photo-s/1b/51/05/a1/interieur-kintaro.jpg', 'height': 450}, 'provider': {'name': 'Tripadvisor'}, 'description': 'Kintaro Ramen, Paris : consultez 1\xa0024 avis sur Kintaro Ramen, noté 4 sur 5 sur Tripadvisor et classé #1\xa0225 sur 18\xa0915 restaurants à Paris.', 'color': 3465377}], 'edited_timestamp': None, 'content': 'Kintaro à Opéra, Paris. https://www.tripadvisor.fr/Restaurant_Review-g187147-d793685-Reviews-Kintaro_Ramen-Paris_Ile_de_France.html', 'components': [], 'channel_id': '958688288930148375', 'author': {'username': 'bot_tp_ing', 'public_flags': 0, 'id': '958687404322086952', 'discriminator': '2166', 'bot': True, 'avatar_decoration': None, 'avatar': None}, 'attachments': [], 'guild_id': '958688288930148372'}}
DEBUG:discord.client:Dispatching event socket_response
DEBUG:discord.client:Dispatching event message
DEBUG:discord.http:POST https://discord.com/api/v7/channels/958688288930148375/messages with {"content":"Kintaro \u00e0 Op\u00e9ra, Paris. https://www.tripadvisor.fr/Restaurant_Review-g187147-d793685-Reviews-Kintaro_Ramen-Paris_Ile_de_France.html"} has returned 200
DEBUG:discord.http:POST https://discord.com/api/v7/channels/958688288930148375/messages has received {'id': '967502046993477732', 'type': 0, 'content': 'Kintaro à Opéra, Paris. https://www.tripadvisor.fr/Restaurant_Review-g187147-d793685-Reviews-Kintaro_Ramen-Paris_Ile_de_France.html', 'channel_id': '958688288930148375', 'author': {'id': '958687404322086952', 'username': 'bot_tp_ing', 'avatar': None, 'avatar_decoration': None, 'discriminator': '2166', 'public_flags': 0, 'bot': True}, 'attachments': [], 'embeds': [{'type': 'link', 'url': 'https://www.tripadvisor.fr/Restaurant_Review-g187147-d793685-Reviews-Kintaro_Ramen-Paris_Ile_de_France.html', 'title': 'KINTARO RAMEN, Paris - Gaillon - Commander en ligne - Menu, Prix & ...', 'description': 'Kintaro Ramen, Paris : consultez 1\xa0024 avis sur Kintaro Ramen, noté 4 sur 5 sur Tripadvisor et classé #1\xa0225 sur 18\xa0915 restaurants à Paris.', 'color': 3465377, 'provider': {'name': 'Tripadvisor'}, 'thumbnail': {'url': 'https://media-cdn.tripadvisor.com/media/photo-s/1b/51/05/a1/interieur-kintaro.jpg', 'proxy_url': 'https://images-ext-2.discordapp.net/external/UlKM9lwLsIUGGJPeORbCNKoIMnFfxgUZbwWzJFaLx8I/https/media-cdn.tripadvisor.com/media/photo-s/1b/51/05/a1/interieur-kintaro.jpg', 'width': 450, 'height': 450}}], 'mentions': [], 'mention_roles': [], 'pinned': False, 'mention_everyone': False, 'tts': False, 'timestamp': '2022-04-23T19:07:43.322000+00:00', 'edited_timestamp': None, 'flags': 0, 'components': [], 'referenced_message': None}
DEBUG:discord.client:Dispatching event socket_raw_receive
DEBUG:discord.gateway:For Shard ID None: WebSocket Event: {'t': 'MESSAGE_CREATE', 's': 15, 'op': 0, 'd': {'type': 0, 'tts': False, 'timestamp': '2022-04-23T19:07:45.622000+00:00', 'referenced_message': None, 'pinned': False, 'nonce': '967502055948156928', 'mentions': [], 'mention_roles': [], 'mention_everyone': False, 'member': {'roles': [], 'mute': False, 'joined_at': '2022-03-30T11:24:59.653000+00:00', 'hoisted_role': None, 'flags': 0, 'deaf': False}, 'id': '967502056640372806', 'flags': 0, 'embeds': [], 'edited_timestamp': None, 'content': 'bye', 'components': [], 'channel_id': '958688288930148375', 'author': {'username': 'william66', 'public_flags': 0, 'id': '314788947500990475', 'discriminator': '9330', 'avatar_decoration': None, 'avatar': '5a7a16781ce7d58b090b38b6dd87e72a'}, 'attachments': [], 'guild_id': '958688288930148372'}}
DEBUG:discord.client:Dispatching event socket_response
DEBUG:discord.client:Dispatching event message
DEBUG:discord.client:Dispatching event socket_raw_receive
DEBUG:discord.gateway:For Shard ID None: WebSocket Event: {'t': 'MESSAGE_CREATE', 's': 16, 'op': 0, 'd': {'type': 0, 'tts': False, 'timestamp': '2022-04-23T19:07:45.834000+00:00', 'referenced_message': None, 'pinned': False, 'mentions': [], 'mention_roles': [], 'mention_everyone': False, 'member': {'roles': ['958689301632282668'], 'mute': False, 'joined_at': '2022-03-30T11:29:01.142000+00:00', 'hoisted_role': None, 'flags': 0, 'deaf': False}, 'id': '967502057529548800', 'flags': 0, 'embeds': [], 'edited_timestamp': None, 'content': 'A la prochaine !', 'components': [], 'channel_id': '958688288930148375', 'author': {'username': 'bot_tp_ing', 'public_flags': 0, 'id': '958687404322086952', 'discriminator': '2166', 'bot': True, 'avatar_decoration': None, 'avatar': None}, 'attachments': [], 'guild_id': '958688288930148372'}}
DEBUG:discord.client:Dispatching event socket_response
DEBUG:discord.client:Dispatching event message
DEBUG:discord.http:POST https://discord.com/api/v7/channels/958688288930148375/messages with {"content":"A la prochaine !"} has returned 200
DEBUG:discord.http:POST https://discord.com/api/v7/channels/958688288930148375/messages has received {'id': '967502057529548800', 'type': 0, 'content': 'A la prochaine !', 'channel_id': '958688288930148375', 'author': {'id': '958687404322086952', 'username': 'bot_tp_ing', 'avatar': None, 'avatar_decoration': None, 'discriminator': '2166', 'public_flags': 0, 'bot': True}, 'attachments': [], 'embeds': [], 'mentions': [], 'mention_roles': [], 'pinned': False, 'mention_everyone': False, 'tts': False, 'timestamp': '2022-04-23T19:07:45.834000+00:00', 'edited_timestamp': None, 'flags': 0, 'components': [], 'referenced_message': None}
DEBUG:discord.gateway:Keeping shard ID None websocket alive with sequence 16.
DEBUG:discord.client:Dispatching event socket_raw_receive
DEBUG:discord.gateway:For Shard ID None: WebSocket Event: {'t': None, 's': None, 'op': 11, 'd': None}
DEBUG:discord.client:Dispatching event socket_response
DEBUG:discord.client:Dispatching event socket_raw_receive
DEBUG:discord.gateway:For Shard ID None: WebSocket Event: {'t': 'TYPING_START', 's': 17, 'op': 0, 'd': {'user_id': '314788947500990475', 'timestamp': 1650740869, 'member': {'user': {'username': 'william66', 'id': '314788947500990475', 'discriminator': '9330', 'avatar': '5a7a16781ce7d58b090b38b6dd87e72a'}, 'roles': [], 'mute': False, 'joined_at': '2022-03-30T11:24:59.653000+00:00', 'hoisted_role': None, 'flags': 0, 'deaf': False}, 'channel_id': '958688288930148375', 'guild_id': '958688288930148372'}}
DEBUG:discord.client:Dispatching event socket_response
DEBUG:discord.client:Dispatching event typing
DEBUG:discord.client:Dispatching event socket_raw_receive
DEBUG:discord.gateway:For Shard ID None: WebSocket Event: {'t': 'MESSAGE_CREATE', 's': 18, 'op': 0, 'd': {'type': 0, 'tts': False, 'timestamp': '2022-04-23T19:07:50.858000+00:00', 'referenced_message': None, 'pinned': False, 'nonce': '967502078450597888', 'mentions': [], 'mention_roles': [], 'mention_everyone': False, 'member': {'roles': [], 'mute': False, 'joined_at': '2022-03-30T11:24:59.653000+00:00', 'hoisted_role': None, 'flags': 0, 'deaf': False}, 'id': '967502078601732137', 'flags': 0, 'embeds': [], 'edited_timestamp': None, 'content': '!del 1', 'components': [], 'channel_id': '958688288930148375', 'author': {'username': 'william66', 'public_flags': 0, 'id': '314788947500990475', 'discriminator': '9330', 'avatar_decoration': None, 'avatar': '5a7a16781ce7d58b090b38b6dd87e72a'}, 'attachments': [], 'guild_id': '958688288930148372'}}
DEBUG:discord.client:Dispatching event socket_response
DEBUG:discord.client:Dispatching event message
DEBUG:discord.http:GET https://discord.com/api/v7/channels/958688288930148375/messages with None has returned 200
DEBUG:discord.http:GET https://discord.com/api/v7/channels/958688288930148375/messages has received [{'id': '967502078601732137', 'type': 0, 'content': '!del 1', 'channel_id': '958688288930148375', 'author': {'id': '314788947500990475', 'username': 'william66', 'avatar': '5a7a16781ce7d58b090b38b6dd87e72a', 'avatar_decoration': None, 'discriminator': '9330', 'public_flags': 0}, 'attachments': [], 'embeds': [], 'mentions': [], 'mention_roles': [], 'pinned': False, 'mention_everyone': False, 'tts': False, 'timestamp': '2022-04-23T19:07:50.858000+00:00', 'edited_timestamp': None, 'flags': 0, 'components': []}, {'id': '967502057529548800', 'type': 0, 'content': 'A la prochaine !', 'channel_id': '958688288930148375', 'author': {'id': '958687404322086952', 'username': 'bot_tp_ing', 'avatar': None, 'avatar_decoration': None, 'discriminator': '2166', 'public_flags': 0, 'bot': True}, 'attachments': [], 'embeds': [], 'mentions': [], 'mention_roles': [], 'pinned': False, 'mention_everyone': False, 'tts': False, 'timestamp': '2022-04-23T19:07:45.834000+00:00', 'edited_timestamp': None, 'flags': 0, 'components': []}]
DEBUG:discord.client:Dispatching event socket_raw_receive
DEBUG:discord.gateway:For Shard ID None: WebSocket Event: {'t': 'MESSAGE_DELETE', 's': 19, 'op': 0, 'd': {'id': '967502078601732137', 'channel_id': '958688288930148375', 'guild_id': '958688288930148372'}}
DEBUG:discord.client:Dispatching event socket_response
DEBUG:discord.client:Dispatching event raw_message_delete
DEBUG:discord.client:Dispatching event message_delete
DEBUG:discord.http:DELETE https://discord.com/api/v7/channels/958688288930148375/messages/967502078601732137 with None has returned 204
DEBUG:discord.http:DELETE https://discord.com/api/v7/channels/958688288930148375/messages/967502078601732137 has received 
DEBUG:discord.client:Dispatching event socket_raw_receive
DEBUG:discord.gateway:For Shard ID None: WebSocket Event: {'t': 'MESSAGE_DELETE', 's': 20, 'op': 0, 'd': {'id': '967502057529548800', 'channel_id': '958688288930148375', 'guild_id': '958688288930148372'}}
DEBUG:discord.client:Dispatching event socket_response
DEBUG:discord.client:Dispatching event raw_message_delete
DEBUG:discord.client:Dispatching event message_delete
DEBUG:discord.http:DELETE https://discord.com/api/v7/channels/958688288930148375/messages/967502057529548800 with None has returned 204
DEBUG:discord.http:DELETE https://discord.com/api/v7/channels/958688288930148375/messages/967502057529548800 has received 
DEBUG:discord.client:Dispatching event socket_raw_receive
DEBUG:discord.gateway:For Shard ID None: WebSocket Event: {'t': 'TYPING_START', 's': 21, 'op': 0, 'd': {'user_id': '314788947500990475', 'timestamp': 1650740874, 'member': {'user': {'username': 'william66', 'id': '314788947500990475', 'discriminator': '9330', 'avatar': '5a7a16781ce7d58b090b38b6dd87e72a'}, 'roles': [], 'mute': False, 'joined_at': '2022-03-30T11:24:59.653000+00:00', 'hoisted_role': None, 'flags': 0, 'deaf': False}, 'channel_id': '958688288930148375', 'guild_id': '958688288930148372'}}
DEBUG:discord.client:Dispatching event socket_response
DEBUG:discord.client:Dispatching event typing
DEBUG:discord.client:Dispatching event socket_raw_receive
DEBUG:discord.gateway:For Shard ID None: WebSocket Event: {'t': 'MESSAGE_CREATE', 's': 22, 'op': 0, 'd': {'type': 0, 'tts': False, 'timestamp': '2022-04-23T19:07:54.855000+00:00', 'referenced_message': None, 'pinned': False, 'nonce': '967502094703525888', 'mentions': [], 'mention_roles': [], 'mention_everyone': False, 'member': {'roles': [], 'mute': False, 'joined_at': '2022-03-30T11:24:59.653000+00:00', 'hoisted_role': None, 'flags': 0, 'deaf': False}, 'id': '967502095366377522', 'flags': 0, 'embeds': [], 'edited_timestamp': None, 'content': 'bye', 'components': [], 'channel_id': '958688288930148375', 'author': {'username': 'william66', 'public_flags': 0, 'id': '314788947500990475', 'discriminator': '9330', 'avatar_decoration': None, 'avatar': '5a7a16781ce7d58b090b38b6dd87e72a'}, 'attachments': [], 'guild_id': '958688288930148372'}}
DEBUG:discord.client:Dispatching event socket_response
DEBUG:discord.client:Dispatching event message
DEBUG:discord.client:Dispatching event socket_raw_receive
DEBUG:discord.gateway:For Shard ID None: WebSocket Event: {'t': 'MESSAGE_CREATE', 's': 23, 'op': 0, 'd': {'type': 0, 'tts': False, 'timestamp': '2022-04-23T19:07:55.089000+00:00', 'referenced_message': None, 'pinned': False, 'mentions': [], 'mention_roles': [], 'mention_everyone': False, 'member': {'roles': ['958689301632282668'], 'mute': False, 'joined_at': '2022-03-30T11:29:01.142000+00:00', 'hoisted_role': None, 'flags': 0, 'deaf': False}, 'id': '967502096347836446', 'flags': 0, 'embeds': [], 'edited_timestamp': None, 'content': 'A la prochaine !', 'components': [], 'channel_id': '958688288930148375', 'author': {'username': 'bot_tp_ing', 'public_flags': 0, 'id': '958687404322086952', 'discriminator': '2166', 'bot': True, 'avatar_decoration': None, 'avatar': None}, 'attachments': [], 'guild_id': '958688288930148372'}}
DEBUG:discord.client:Dispatching event socket_response
DEBUG:discord.client:Dispatching event message
DEBUG:discord.http:POST https://discord.com/api/v7/channels/958688288930148375/messages with {"content":"A la prochaine !"} has returned 200
DEBUG:discord.http:POST https://discord.com/api/v7/channels/958688288930148375/messages has received {'id': '967502096347836446', 'type': 0, 'content': 'A la prochaine !', 'channel_id': '958688288930148375', 'author': {'id': '958687404322086952', 'username': 'bot_tp_ing', 'avatar': None, 'avatar_decoration': None, 'discriminator': '2166', 'public_flags': 0, 'bot': True}, 'attachments': [], 'embeds': [], 'mentions': [], 'mention_roles': [], 'pinned': False, 'mention_everyone': False, 'tts': False, 'timestamp': '2022-04-23T19:07:55.089000+00:00', 'edited_timestamp': None, 'flags': 0, 'components': [], 'referenced_message': None}
DEBUG:discord.client:Dispatching event socket_raw_receive
DEBUG:discord.gateway:For Shard ID None: WebSocket Event: {'t': 'MESSAGE_DELETE', 's': 24, 'op': 0, 'd': {'id': '967502056640372806', 'channel_id': '958688288930148375', 'guild_id': '958688288930148372'}}
DEBUG:discord.client:Dispatching event socket_response
DEBUG:discord.client:Dispatching event raw_message_delete
DEBUG:discord.client:Dispatching event message_delete
